Host: 192.168.66.202 *****************************************************
* Cisco by SNMP found ***  
*System Description: Cisco Internetwork Operating System Software 
IOS (tm) C2600 Software (C2600-IK9O3S3-M), Version 12.3(6), RELEASE SOFTWARE (fc3)
Copyright (c) 1986-2004 by cisco Systems, Inc.
Compiled Wed 11-Feb-04 19:24 by kellythw 

*** Found no public SNMP community : private 
***System Description:Cisco Internetwork Operating System Software 
IOS (tm) C2600 Software (C2600-IK9O3S3-M), Version 12.3(6), RELEASE SOFTWARE (fc3)
Copyright (c) 1986-2004 by cisco Systems, Inc.
Compiled Wed 11-Feb-04 19:24 by kellythw
Host: 192.168.66.202 *****************************************************
* Cisco by SNMP found ***  
*System Description: Cisco Internetwork Operating System Software 
IOS (tm) C2600 Software (C2600-IK9O3S3-M), Version 12.3(6), RELEASE SOFTWARE (fc3)
Copyright (c) 1986-2004 by cisco Systems, Inc.
Compiled Wed 11-Feb-04 19:24 by kellythw 

*** Found no public SNMP community : private 
***System Description:Cisco Internetwork Operating System Software 
IOS (tm) C2600 Software (C2600-IK9O3S3-M), Version 12.3(6), RELEASE SOFTWARE (fc3)
Copyright (c) 1986-2004 by cisco Systems, Inc.
Compiled Wed 11-Feb-04 19:24 by kellythw
Host: 192.168.66.202 *****************************************************
* Cisco by SNMP found ***  
*System Description: Cisco Internetwork Operating System Software 
IOS (tm) C2600 Software (C2600-IK9O3S3-M), Version 12.3(6), RELEASE SOFTWARE (fc3)
Copyright (c) 1986-2004 by cisco Systems, Inc.
Compiled Wed 11-Feb-04 19:24 by kellythw 

*** Found no public SNMP community : private 
***System Description:Cisco Internetwork Operating System Software 
IOS (tm) C2600 Software (C2600-IK9O3S3-M), Version 12.3(6), RELEASE SOFTWARE (fc3)
Copyright (c) 1986-2004 by cisco Systems, Inc.
Compiled Wed 11-Feb-04 19:24 by kellythw
 
The target vendor Cisco (IOS 12.x). 
Host: 192.168.66.202 *****************************************************
* Cisco by SNMP found ***  
*System Description: Cisco Internetwork Operating System Software 
IOS (tm) C2600 Software (C2600-IK9O3S3-M), Version 12.3(6), RELEASE SOFTWARE (fc3)
Copyright (c) 1986-2004 by cisco Systems, Inc.
Compiled Wed 11-Feb-04 19:24 by kellythw 

*** Found no public SNMP community : private 
***System Description:Cisco Internetwork Operating System Software 
IOS (tm) C2600 Software (C2600-IK9O3S3-M), Version 12.3(6), RELEASE SOFTWARE (fc3)
Copyright (c) 1986-2004 by cisco Systems, Inc.
Compiled Wed 11-Feb-04 19:24 by kellythw
 
The target vendor Cisco (IOS 12.x). 
Host: 192.168.66.202 *****************************************************
* Cisco by SNMP found ***  
*System Description: Cisco Internetwork Operating System Software 
IOS (tm) C2600 Software (C2600-IK9O3S3-M), Version 12.3(6), RELEASE SOFTWARE (fc3)
Copyright (c) 1986-2004 by cisco Systems, Inc.
Compiled Wed 11-Feb-04 19:24 by kellythw 

*** Found no public SNMP community : private 
***System Description:Cisco Internetwork Operating System Software 
IOS (tm) C2600 Software (C2600-IK9O3S3-M), Version 12.3(6), RELEASE SOFTWARE (fc3)
Copyright (c) 1986-2004 by cisco Systems, Inc.
Compiled Wed 11-Feb-04 19:24 by kellythw
 
The target vendor Cisco (IOS 12.x). 
Host: 192.168.66.202 *****************************************************
* Cisco by SNMP found ***  
*System Description: Cisco Internetwork Operating System Software 
IOS (tm) C2600 Software (C2600-IK9O3S3-M), Version 12.3(6), RELEASE SOFTWARE (fc3)
Copyright (c) 1986-2004 by cisco Systems, Inc.
Compiled Wed 11-Feb-04 19:24 by kellythw 

*** Found no public SNMP community : private 
***System Description:Cisco Internetwork Operating System Software 
IOS (tm) C2600 Software (C2600-IK9O3S3-M), Version 12.3(6), RELEASE SOFTWARE (fc3)
Copyright (c) 1986-2004 by cisco Systems, Inc.
Compiled Wed 11-Feb-04 19:24 by kellythw
 
The target vendor Cisco (IOS 12.x). 
Host: 192.168.66.202 *****************************************************
* Cisco by SNMP found ***  
*System Description: Cisco Internetwork Operating System Software 
IOS (tm) C2600 Software (C2600-IK9O3S3-M), Version 12.3(6), RELEASE SOFTWARE (fc3)
Copyright (c) 1986-2004 by cisco Systems, Inc.
Compiled Wed 11-Feb-04 19:24 by kellythw 

*** Found no public SNMP community : private 
***System Description:Cisco Internetwork Operating System Software 
IOS (tm) C2600 Software (C2600-IK9O3S3-M), Version 12.3(6), RELEASE SOFTWARE (fc3)
Copyright (c) 1986-2004 by cisco Systems, Inc.
Compiled Wed 11-Feb-04 19:24 by kellythw
 
The target vendor Cisco (IOS 12.x). 
Host: 192.168.66.202 *****************************************************
* Cisco by SNMP found ***  
*System Description: Cisco Internetwork Operating System Software 
IOS (tm) C2600 Software (C2600-IK9O3S3-M), Version 12.3(6), RELEASE SOFTWARE (fc3)
Copyright (c) 1986-2004 by cisco Systems, Inc.
Compiled Wed 11-Feb-04 19:24 by kellythw 

*** Found no public SNMP community : private 
***System Description:Cisco Internetwork Operating System Software 
IOS (tm) C2600 Software (C2600-IK9O3S3-M), Version 12.3(6), RELEASE SOFTWARE (fc3)
Copyright (c) 1986-2004 by cisco Systems, Inc.
Compiled Wed 11-Feb-04 19:24 by kellythw
 
The target vendor Cisco (IOS 12.x). 
Host: 192.168.66.202 *****************************************************
* Cisco by SNMP found ***  
*System Description: Cisco Internetwork Operating System Software 
IOS (tm) C2600 Software (C2600-IK9O3S3-M), Version 12.3(6), RELEASE SOFTWARE (fc3)
Copyright (c) 1986-2004 by cisco Systems, Inc.
Compiled Wed 11-Feb-04 19:24 by kellythw 

*** Found no public SNMP community : private 
***System Description:Cisco Internetwork Operating System Software 
IOS (tm) C2600 Software (C2600-IK9O3S3-M), Version 12.3(6), RELEASE SOFTWARE (fc3)
Copyright (c) 1986-2004 by cisco Systems, Inc.
Compiled Wed 11-Feb-04 19:24 by kellythw
 
The target vendor Cisco (IOS 12.x). 
Host: 192.168.66.202 *****************************************************
* Cisco by SNMP found ***  
*System Description: Cisco Internetwork Operating System Software 
IOS (tm) C2600 Software (C2600-IK9O3S3-M), Version 12.3(6), RELEASE SOFTWARE (fc3)
Copyright (c) 1986-2004 by cisco Systems, Inc.
Compiled Wed 11-Feb-04 19:24 by kellythw 

*** Found no public SNMP community : private 
***System Description:Cisco Internetwork Operating System Software 
IOS (tm) C2600 Software (C2600-IK9O3S3-M), Version 12.3(6), RELEASE SOFTWARE (fc3)
Copyright (c) 1986-2004 by cisco Systems, Inc.
Compiled Wed 11-Feb-04 19:24 by kellythw
 
The target vendor Cisco (IOS 12.x). 
Host: 192.168.66.202 *****************************************************
* Cisco by SNMP found ***  
*System Description: Cisco Internetwork Operating System Software 
IOS (tm) C2600 Software (C2600-IK9O3S3-M), Version 12.3(6), RELEASE SOFTWARE (fc3)
Copyright (c) 1986-2004 by cisco Systems, Inc.
Compiled Wed 11-Feb-04 19:24 by kellythw 

*** Found no public SNMP community : private 
***System Description:Cisco Internetwork Operating System Software 
IOS (tm) C2600 Software (C2600-IK9O3S3-M), Version 12.3(6), RELEASE SOFTWARE (fc3)
Copyright (c) 1986-2004 by cisco Systems, Inc.
Compiled Wed 11-Feb-04 19:24 by kellythw
 
The target vendor Cisco (IOS 12.x). 
Host: 192.168.66.202 *****************************************************
* Cisco by SNMP found ***  
*System Description: Cisco Internetwork Operating System Software 
IOS (tm) C2600 Software (C2600-IK9O3S3-M), Version 12.3(6), RELEASE SOFTWARE (fc3)
Copyright (c) 1986-2004 by cisco Systems, Inc.
Compiled Wed 11-Feb-04 19:24 by kellythw 

*** Found no public SNMP community : private 
***System Description:Cisco Internetwork Operating System Software 
IOS (tm) C2600 Software (C2600-IK9O3S3-M), Version 12.3(6), RELEASE SOFTWARE (fc3)
Copyright (c) 1986-2004 by cisco Systems, Inc.
Compiled Wed 11-Feb-04 19:24 by kellythw
 
The target vendor Cisco (IOS 12.x). 
Host: 192.168.66.202 *****************************************************
* Cisco by SNMP found ***  
*System Description: Cisco Internetwork Operating System Software 
IOS (tm) C2600 Software (C2600-IK9O3S3-M), Version 12.3(6), RELEASE SOFTWARE (fc3)
Copyright (c) 1986-2004 by cisco Systems, Inc.
Compiled Wed 11-Feb-04 19:24 by kellythw 

*** Found no public SNMP community : private 
***System Description:Cisco Internetwork Operating System Software 
IOS (tm) C2600 Software (C2600-IK9O3S3-M), Version 12.3(6), RELEASE SOFTWARE (fc3)
Copyright (c) 1986-2004 by cisco Systems, Inc.
Compiled Wed 11-Feb-04 19:24 by kellythw
 
The target vendor Cisco (IOS 12.x). 
